app/mapping.txt
com.instano.retailer.instano.activities.ErrorDialogFragment -> com.instano.retailer.instano.activities.a:
    java.lang.CharSequence mHeading -> c
    java.lang.CharSequence mSubheading -> d
    int mViewFlipperState -> a
    android.widget.ViewFlipper mViewFlipper -> b
    android.widget.TextView mTitleTextView -> e
    android.widget.Button mTryAgainButton -> f
    rx.subjects.PublishSubject mEventSubject -> g
    com.instano.retailer.instano.activities.ErrorDialogFragment newInstance(java.lang.String,java.lang.String) -> a
    boolean isHeadingSameAs(java.lang.CharSequence) -> a
    rx.Observable observeTryAgainClicks() -> a
    void showProgressBar(boolean) -> a
    void onClick(android.view.View) -> onClick
    void onCreate(android.os.Bundle) -> onCreate
    android.view.View onCreateView(android.view.LayoutInflater,android.view.ViewGroup,android.os.Bundle) -> onCreateView
    void onResume() -> onResume
    void onPause() -> onPause
    void lambda$onCreateView$5(rx.android.events.OnClickEvent) -> a
    void lambda$new$4() -> c
    void access$lambda$0() -> b
    void access$lambda$1(com.instano.retailer.instano.activities.ErrorDialogFragment,rx.android.events.OnClickEvent) -> a
com.instano.retailer.instano.activities.ErrorDialogFragment$$Lambda$1 -> com.instano.retailer.instano.activities.b:
    com.instano.retailer.instano.activities.ErrorDialogFragment$$Lambda$1 instance -> a
    void call() -> a
    rx.functions.Action0 lambdaFactory$() -> b
com.instano.retailer.instano.activities.ErrorDialogFragment$$Lambda$2 -> com.instano.retailer.instano.activities.c:
    com.instano.retailer.instano.activities.ErrorDialogFragment arg$1 -> a
    void call(java.lang.Object) -> call
    rx.functions.Action1 lambdaFactory$(com.instano.retailer.instano.activities.ErrorDialogFragment) -> a
com.instano.retailer.instano.activities.GlobalMenuActivity -> com.instano.retailer.instano.activities.d:
    rx.Subscription mClickSubscription -> a
    void onActivityResult(int,int,android.content.Intent) -> onActivityResult
    void retryableError(rx.Observable,rx.functions.Action1) -> a
    void retryableError(rx.Observable,rx.functions.Action1,rx.functions.Func1) -> a
    com.instano.retailer.instano.activities.ErrorDialogFragment showErrorDialog(java.lang.Throwable) -> b
    boolean onOptionsItemSelected(android.view.MenuItem) -> onOptionsItemSelected
    com.instano.retailer.instano.activities.ErrorDialogFragment noInternetDialog() -> a
    com.instano.retailer.instano.activities.ErrorDialogFragment contactUs(java.lang.String,java.lang.String) -> a
    void cancelDialog() -> b
    void search() -> c
    void sellersList() -> d
    void deals() -> e
    void quoteList() -> f
    void profile() -> g
    void share() -> h
    boolean onCreateOptionsMenu(android.view.Menu) -> onCreateOptionsMenu
    void lambda$retryableError$3(rx.functions.Func1,rx.Observable,rx.functions.Action1,java.lang.Throwable) -> a
    void lambda$null$2(com.instano.retailer.instano.activities.ErrorDialogFragment,rx.Observable,rx.functions.Action1,rx.functions.Func1,rx.android.events.OnClickEvent) -> a
    void lambda$retryableError$1(rx.functions.Action1,java.lang.Object) -> a
    java.lang.Boolean lambda$retryableError$0(java.lang.Throwable) -> c
com.instano.retailer.instano.activities.GlobalMenuActivity$$Lambda$1 -> com.instano.retailer.instano.activities.e:
    com.instano.retailer.instano.activities.GlobalMenuActivity$$Lambda$1 instance -> a
    java.lang.Object call(java.lang.Object) -> a
    rx.functions.Func1 lambdaFactory$() -> a
com.instano.retailer.instano.activities.GlobalMenuActivity$$Lambda$2 -> com.instano.retailer.instano.activities.f:
    com.instano.retailer.instano.activities.GlobalMenuActivity arg$1 -> a
    rx.functions.Action1 arg$2 -> b
    void call(java.lang.Object) -> call
    rx.functions.Action1 lambdaFactory$(com.instano.retailer.instano.activities.GlobalMenuActivity,rx.functions.Action1) -> a
...
retrofit.RestAdapter$RestHandler -> retrofit.RestAdapter$RestHandler:
    java.util.Map methodDetailsCache -> methodDetailsCache
    retrofit.RestAdapter this$0 -> this$0
    java.lang.Object invoke(java.lang.Object,java.lang.reflect.Method,java.lang.Object[]) -> invoke
    java.lang.Object invokeRequest(retrofit.RequestInterceptor,retrofit.RestMethodInfo,java.lang.Object[]) -> invokeRequest
    java.lang.Object access$100(retrofit.RestAdapter$RestHandler,retrofit.RequestInterceptor,retrofit.RestMethodInfo,java.lang.Object[]) -> access$100
retrofit.RestAdapter$RestHandler$1 -> retrofit.RestAdapter$RestHandler$1:
    retrofit.RestMethodInfo val$methodInfo -> val$methodInfo
    java.lang.Object[] val$args -> val$args
    retrofit.RestAdapter$RestHandler this$1 -> this$1
    retrofit.ResponseWrapper invoke(retrofit.RequestInterceptor) -> invoke
retrofit.RestAdapter$RestHandler$2 -> retrofit.RestAdapter$RestHandler$2:
    retrofit.RequestInterceptorTape val$interceptorTape -> val$interceptorTape
    retrofit.RestMethodInfo val$methodInfo -> val$methodInfo
    java.lang.Object[] val$args -> val$args
    retrofit.RestAdapter$RestHandler this$1 -> this$1
    retrofit.ResponseWrapper obtainResponse() -> obtainResponse
retrofit.RestMethodInfo -> retrofit.RestMethodInfo:
    java.lang.String PARAM -> PARAM
    java.util.regex.Pattern PARAM_NAME_REGEX -> PARAM_NAME_REGEX
    java.util.regex.Pattern PARAM_URL_REGEX -> PARAM_URL_REGEX
    java.lang.reflect.Method method -> method
    boolean loaded -> loaded
    retrofit.RestMethodInfo$ResponseType responseType -> responseType
    boolean isSynchronous -> isSynchronous
    boolean isObservable -> isObservable
    java.lang.reflect.Type responseObjectType -> responseObjectType
    retrofit.RestMethodInfo$RequestType requestType -> requestType
    java.lang.String requestMethod -> requestMethod
    boolean requestHasBody -> requestHasBody
    java.lang.String requestUrl -> requestUrl
    java.util.Set requestUrlParamNames -> requestUrlParamNames
    java.lang.String requestQuery -> requestQuery
    java.util.List headers -> headers
    java.lang.String contentTypeHeader -> contentTypeHeader
    boolean isStreaming -> isStreaming
    java.lang.annotation.Annotation[] requestParamAnnotations -> requestParamAnnotations
    java.lang.RuntimeException methodError(java.lang.String,java.lang.Object[]) -> methodError
    java.lang.RuntimeException parameterError(int,java.lang.String,java.lang.Object[]) -> parameterError
    void init() -> init
    void parseMethodAnnotations() -> parseMethodAnnotations
    void parsePath(java.lang.String) -> parsePath
    java.util.List parseHeaders(java.lang.String[]) -> parseHeaders
retrofit.RestMethodInfo$RequestType -> retrofit.RestMethodInfo$RequestType:
    retrofit.RestMethodInfo$RequestType SIMPLE -> SIMPLE
    retrofit.RestMethodInfo$RequestType MULTIPART -> MULTIPART
    retrofit.RestMethodInfo$RequestType FORM_URL_ENCODED -> FORM_URL_ENCODED
    retrofit.RestMethodInfo$RequestType[] $VALUES -> $VALUES
    retrofit.RestMethodInfo$RequestType[] values() -> values
    retrofit.RestMethodInfo$RequestType valueOf(java.lang.String) -> valueOf
retrofit.RestMethodInfo$ResponseType -> retrofit.RestMethodInfo$ResponseType:
    retrofit.RestMethodInfo$ResponseType VOID -> VOID
    retrofit.RestMethodInfo$ResponseType OBSERVABLE -> OBSERVABLE
    retrofit.RestMethodInfo$ResponseType OBJECT -> OBJECT
    retrofit.RestMethodInfo$ResponseType[] $VALUES -> $VALUES
    retrofit.RestMethodInfo$ResponseType[] values() -> values
    retrofit.RestMethodInfo$ResponseType valueOf(java.lang.String) -> valueOf
retrofit.RestMethodInfo$RxSupport -> retrofit.RestMethodInfo$RxSupport:
    boolean isObservable(java.lang.Class) -> isObservable
    java.lang.reflect.Type getObservableType(java.lang.reflect.Type,java.lang.Class) -> getObservableType